<?xml version="1.0" encoding="UTF-8"?>
<!-- Generated by org.testng.reporters.JUnitReportReporter -->
<testsuite hostname="LAPTOP-452BIAO3" failures="0" tests="3" name="testCases.Test1" time="23.099" errors="0" timestamp="2021-05-05T17:07:16 IST" skipped="0">
  <testcase classname="testCases.Test1" name="test1" time="7.613"/>
  <system-out/>
  <testcase classname="testCases.Test1" name="test1" time="8.186"/>
  <system-out/>
  <testcase classname="testCases.Test1" name="test1" time="7.300"/>
  <system-out/>
</testsuite> <!-- testCases.Test1 -->
