<?xml version="1.0" encoding="UTF-8"?>
<!-- Generated by org.testng.reporters.JUnitReportReporter -->
<testsuite hostname="LAPTOP-452BIAO3" failures="0" tests="1" name="testCases.Test5" time="13.534" errors="0" timestamp="2021-05-05T10:23:00 IST" skipped="0">
  <testcase classname="testCases.Test5" name="test2" time="13.534"/>
  <system-out/>
</testsuite> <!-- testCases.Test5 -->
