<?xml version="1.0" encoding="UTF-8"?>
<!-- Generated by org.testng.reporters.JUnitReportReporter -->
<testsuite hostname="LAPTOP-452BIAO3" failures="0" tests="1" name="testCases.Test4" time="9.813" errors="0" timestamp="2021-05-05T16:17:45 IST" skipped="0">
  <testcase classname="testCases.Test4" name="test4" time="9.813"/>
  <system-out/>
</testsuite> <!-- testCases.Test4 -->
