<?xml version="1.0" encoding="UTF-8"?>
<!-- Generated by org.testng.reporters.JUnitReportReporter -->
<testsuite hostname="LAPTOP-452BIAO3" failures="0" tests="1" name="testCases.NewTest" time="76.833" errors="0" timestamp="2021-05-04T17:34:29 IST" skipped="0">
  <testcase classname="testCases.NewTest" name="test1" time="76.833"/>
  <system-out/>
</testsuite> <!-- testCases.NewTest -->
