<?xml version="1.0" encoding="UTF-8"?>
<!-- Generated by org.testng.reporters.JUnitReportReporter -->
<testsuite hostname="LAPTOP-452BIAO3" failures="0" tests="1" name="testCases.Test8" time="12.024" errors="0" timestamp="2021-05-05T15:54:37 IST" skipped="0">
  <testcase classname="testCases.Test8" name="test8" time="12.024"/>
  <system-out/>
</testsuite> <!-- testCases.Test8 -->
