<?xml version="1.0" encoding="UTF-8"?>
<!-- Generated by org.testng.reporters.JUnitReportReporter -->
<testsuite hostname="LAPTOP-452BIAO3" failures="0" tests="1" name="testCases.Test7" time="28.962" errors="0" timestamp="2021-05-05T11:01:12 IST" skipped="0">
  <testcase classname="testCases.Test7" name="f" time="28.962"/>
  <system-out/>
</testsuite> <!-- testCases.Test7 -->
