<?xml version="1.0" encoding="UTF-8"?>
<!-- Generated by org.testng.reporters.JUnitReportReporter -->
<testsuite hostname="LAPTOP-452BIAO3" failures="0" tests="1" name="testCases.Test9" time="4.230" errors="0" timestamp="2021-05-07T14:49:53 IST" skipped="0">
  <testcase classname="testCases.Test9" name="f" time="4.230"/>
  <system-out/>
</testsuite> <!-- testCases.Test9 -->
