<?xml version="1.0" encoding="UTF-8"?>
<!-- Generated by org.testng.reporters.JUnitReportReporter -->
<testsuite hostname="LAPTOP-452BIAO3" failures="0" tests="1" name="testCases.Test6" time="8.808" errors="0" timestamp="2021-05-05T10:32:31 IST" skipped="0">
  <testcase classname="testCases.Test6" name="test6" time="8.808"/>
  <system-out/>
</testsuite> <!-- testCases.Test6 -->
